  moc_Gegner.cpp
c:\users\martin\source\repos\space_invaders\space_invaders\generatedfiles\debug\../../Gegner.h(44): error C2011: "Gegner": "class" Typneudefinition
  c:\users\martin\source\repos\space_invaders\space_invaders\generatedfiles\debug\../../Gegner.h(24): note: Siehe Deklaration von "Gegner"
GeneratedFiles\Debug\moc_Gegner.cpp(65): error C2027: Verwendung des undefinierten Typs "Gegner"
  c:\users\martin\source\repos\space_invaders\space_invaders\generatedfiles\debug\../../Gegner.h(24): note: Siehe Deklaration von "Gegner"
GeneratedFiles\Debug\moc_Gegner.cpp(71): error C2027: Verwendung des undefinierten Typs "Gegner"
  c:\users\martin\source\repos\space_invaders\space_invaders\generatedfiles\debug\../../Gegner.h(24): note: Siehe Deklaration von "Gegner"
GeneratedFiles\Debug\moc_Gegner.cpp(71): error C2227: Links von "->GegnerTimerSlot" muss sich ein Zeiger auf Klassen-/Struktur-/Union-/generischen Typ befinden.
GeneratedFiles\Debug\moc_Gegner.cpp(78): error C2027: Verwendung des undefinierten Typs "Gegner"
  c:\users\martin\source\repos\space_invaders\space_invaders\generatedfiles\debug\../../Gegner.h(24): note: Siehe Deklaration von "Gegner"
GeneratedFiles\Debug\moc_Gegner.cpp(84): error C2027: Verwendung des undefinierten Typs "Gegner"
  c:\users\martin\source\repos\space_invaders\space_invaders\generatedfiles\debug\../../Gegner.h(24): note: Siehe Deklaration von "Gegner"
GeneratedFiles\Debug\moc_Gegner.cpp(85): error C2270: "metaObject": Modifizierer für Funktionen, die keine Memberfunktionen sind, nicht zulässig
GeneratedFiles\Debug\moc_Gegner.cpp(86): error C2227: Links von "->metaObject" muss sich ein Zeiger auf Klassen-/Struktur-/Union-/generischen Typ befinden.
GeneratedFiles\Debug\moc_Gegner.cpp(86): error C2227: Links von "->dynamicMetaObject" muss sich ein Zeiger auf Klassen-/Struktur-/Union-/generischen Typ befinden.
GeneratedFiles\Debug\moc_Gegner.cpp(89): error C2027: Verwendung des undefinierten Typs "Gegner"
  c:\users\martin\source\repos\space_invaders\space_invaders\generatedfiles\debug\../../Gegner.h(24): note: Siehe Deklaration von "Gegner"
GeneratedFiles\Debug\moc_Gegner.cpp(93): error C2355: "this": Nur innerhalb nicht statischer Memberfunktionen verfügbar oder nicht statischer Datenmemberinitialisierer verfügbar.
GeneratedFiles\Debug\moc_Gegner.cpp(94): error C2352: "QMainWindow::qt_metacast": Unzulässiger Aufruf einer nicht statischen Memberfunktion
  c:\qt\qt5.10.0\5.10.0\msvc2017_64\include\qtwidgets\qmainwindow.h(62): note: Siehe Deklaration von "QMainWindow::qt_metacast"
GeneratedFiles\Debug\moc_Gegner.cpp(97): error C2027: Verwendung des undefinierten Typs "Gegner"
  c:\users\martin\source\repos\space_invaders\space_invaders\generatedfiles\debug\../../Gegner.h(24): note: Siehe Deklaration von "Gegner"
GeneratedFiles\Debug\moc_Gegner.cpp(99): error C2352: "QMainWindow::qt_metacall": Unzulässiger Aufruf einer nicht statischen Memberfunktion
  c:\qt\qt5.10.0\5.10.0\msvc2017_64\include\qtwidgets\qmainwindow.h(62): note: Siehe Deklaration von "QMainWindow::qt_metacall"
GeneratedFiles\Debug\moc_Gegner.cpp(104): error C2355: "this": Nur innerhalb nicht statischer Memberfunktionen verfügbar oder nicht statischer Datenmemberinitialisierer verfügbar.
  moc_Space_Invaders.cpp
c:\users\martin\source\repos\space_invaders\space_invaders\generatedfiles\debug\../../Space_Invaders.h(60): error C2143: Syntaxfehler: Es fehlt ";" vor "*"
c:\users\martin\source\repos\space_invaders\space_invaders\generatedfiles\debug\../../Space_Invaders.h(60): error C4430: Fehlender Typspezifizierer - int wird angenommen. Hinweis: "default-int" wird von C++ nicht unterstützt.
c:\users\martin\source\repos\space_invaders\space_invaders\generatedfiles\debug\../../Space_Invaders.h(60): error C2238: Unerwartete(s) Token vor ";"
c:\users\martin\source\repos\space_invaders\space_invaders\generatedfiles\debug\../../Space_Invaders.h(76): warning C4553: "==": Operator hat keine Auswirkungen; ist "=" beabsichtigt?
  main.cpp
c:\users\martin\source\repos\space_invaders\space_invaders\Space_Invaders.h(60): error C2143: Syntaxfehler: Es fehlt ";" vor "*"
c:\users\martin\source\repos\space_invaders\space_invaders\Space_Invaders.h(60): error C4430: Fehlender Typspezifizierer - int wird angenommen. Hinweis: "default-int" wird von C++ nicht unterstützt.
c:\users\martin\source\repos\space_invaders\space_invaders\Space_Invaders.h(60): error C2238: Unerwartete(s) Token vor ";"
c:\users\martin\source\repos\space_invaders\space_invaders\Space_Invaders.h(76): warning C4553: "==": Operator hat keine Auswirkungen; ist "=" beabsichtigt?
  Space_Invaders.cpp
c:\users\martin\source\repos\space_invaders\space_invaders\Space_Invaders.h(60): error C2143: Syntaxfehler: Es fehlt ";" vor "*"
c:\users\martin\source\repos\space_invaders\space_invaders\Space_Invaders.h(60): error C4430: Fehlender Typspezifizierer - int wird angenommen. Hinweis: "default-int" wird von C++ nicht unterstützt.
c:\users\martin\source\repos\space_invaders\space_invaders\Space_Invaders.h(60): error C2238: Unerwartete(s) Token vor ";"
c:\users\martin\source\repos\space_invaders\space_invaders\Space_Invaders.h(76): warning C4553: "==": Operator hat keine Auswirkungen; ist "=" beabsichtigt?
c:\users\martin\source\repos\space_invaders\space_invaders\Gegner.h(20): error C2011: "Status": "enum" Typneudefinition
  c:\users\martin\source\repos\space_invaders\space_invaders\Space_Invaders.h(31): note: Siehe Deklaration von "Status"
c:\users\martin\source\repos\space_invaders\space_invaders\Gegner.h(24): error C2011: "Gegner": "class" Typneudefinition
  c:\users\martin\source\repos\space_invaders\space_invaders\Space_Invaders.h(68): note: Siehe Deklaration von "Gegner"
Space_Invaders.cpp(51): error C2065: "Enemy": nichtdeklarierter Bezeichner
Space_Invaders.cpp(51): error C2143: Syntaxfehler: Es fehlt ";" vor "}"
  Code wird generiert...
