c:\users\martin\source\repos\space_invaders\space_invaders\x64\debug\vc141.pdb
c:\users\martin\source\repos\space_invaders\space_invaders\x64\debug\space_invaders.obj
c:\users\martin\source\repos\space_invaders\space_invaders\x64\debug\main.obj
c:\users\martin\source\repos\space_invaders\space_invaders\x64\debug\moc_space_invaders.obj
c:\users\martin\source\repos\space_invaders\space_invaders\x64\debug\qrc_space_invaders.obj
c:\users\martin\source\repos\space_invaders\space_invaders\generatedfiles\debug\moc_space_invaders.cpp
c:\users\martin\source\repos\space_invaders\space_invaders\generatedfiles\ui_space_invaders.h
c:\users\martin\source\repos\space_invaders\space_invaders\generatedfiles\qrc_space_invaders.cpp
c:\users\martin\source\repos\space_invaders\x64\debug\space_invaders.pdb
c:\users\martin\source\repos\space_invaders\space_invaders\x64\debug\space_invaders.tlog\cl.command.1.tlog
c:\users\martin\source\repos\space_invaders\space_invaders\x64\debug\space_invaders.tlog\cl.read.1.tlog
c:\users\martin\source\repos\space_invaders\space_invaders\x64\debug\space_invaders.tlog\cl.write.1.tlog
c:\users\martin\source\repos\space_invaders\space_invaders\x64\debug\space_invaders.tlog\custombuild.command.1.tlog
c:\users\martin\source\repos\space_invaders\space_invaders\x64\debug\space_invaders.tlog\custombuild.read.1.tlog
c:\users\martin\source\repos\space_invaders\space_invaders\x64\debug\space_invaders.tlog\custombuild.write.1.tlog
c:\users\martin\source\repos\space_invaders\space_invaders\x64\debug\space_invaders.tlog\link-cvtres.read.1.tlog
c:\users\martin\source\repos\space_invaders\space_invaders\x64\debug\space_invaders.tlog\link-cvtres.write.1.tlog
c:\users\martin\source\repos\space_invaders\space_invaders\x64\debug\space_invaders.tlog\link-rc.read.1.tlog
c:\users\martin\source\repos\space_invaders\space_invaders\x64\debug\space_invaders.tlog\link-rc.write.1.tlog
c:\users\martin\source\repos\space_invaders\space_invaders\x64\debug\space_invaders.tlog\link.command.1.tlog
c:\users\martin\source\repos\space_invaders\space_invaders\x64\debug\space_invaders.tlog\link.read.1.tlog
c:\users\martin\source\repos\space_invaders\space_invaders\x64\debug\space_invaders.tlog\link.write.1.tlog
